#
# A fatal error has been detected by the Java Runtime Environment:
#
#  Internal Error (safepoint.cpp:310), pid=72552, tid=11267
#  guarantee(PageArmed == 0) failed: invariant
#
# JRE version: Java(TM) SE Runtime Environment (8.0_60-b27) (build 1.8.0_60-b27)
# Java VM: Java HotSpot(TM) 64-Bit Server VM (25.60-b23 mixed mode bsd-amd64 compressed oops)
# Failed to write core dump. Core dumps have been disabled. To enable core dumping, try "ulimit -c unlimited" before starting Java again
#
# If you would like to submit a bug report, please visit:
#   http://bugreport.java.com/bugreport/crash.jsp
#

---------------  T H R E A D  ---------------

Current thread (0x00007fd7e4851000):  VMThread [stack: 0x0000700000629000,0x0000700000729000] [id=11267]

Stack: [0x0000700000629000,0x0000700000729000],  sp=0x0000700000728910,  free space=1022k
Native frames: (J=compiled Java code, j=interpreted, Vv=VM code, C=native code)
V  [libjvm.dylib+0x5a6522]
V  [libjvm.dylib+0x1e6843]
V  [libjvm.dylib+0x4d9c9c]
V  [libjvm.dylib+0x5acab5]
V  [libjvm.dylib+0x5ac3e3]
V  [libjvm.dylib+0x48343a]
C  [libsystem_pthread.dylib+0x399d]  _pthread_body+0x83
C  [libsystem_pthread.dylib+0x391a]  _pthread_body+0x0
C  [libsystem_pthread.dylib+0x1351]  thread_start+0xd

VM_Operation (0x00007fd7e2e02660): EnableBiasedLocking, mode: async safepoint, requested by thread 0x00007fd7e48a8000


---------------  P R O C E S S  ---------------

Java Threads: ( => current thread )
  0x00007fd7e305d000 JavaThread "Service Thread" daemon [_thread_blocked, id=18691, stack(0x0000700000e44000,0x0000700000f44000)]
  0x00007fd7e3054000 JavaThread "C1 CompilerThread2" daemon [_thread_blocked, id=18179, stack(0x0000700000d41000,0x0000700000e41000)]
  0x00007fd7e3026000 JavaThread "C2 CompilerThread1" daemon [_thread_blocked, id=17667, stack(0x0000700000c3e000,0x0000700000d3e000)]
  0x00007fd7e3052800 JavaThread "C2 CompilerThread0" daemon [_thread_blocked, id=17155, stack(0x0000700000b3b000,0x0000700000c3b000)]
  0x00007fd7e306a800 JavaThread "Signal Dispatcher" daemon [_thread_blocked, id=12815, stack(0x0000700000a38000,0x0000700000b38000)]
  0x00007fd7e301d800 JavaThread "Finalizer" daemon [_thread_blocked, id=12291, stack(0x000070000082f000,0x000070000092f000)]
  0x00007fd7e4004000 JavaThread "Reference Handler" daemon [_thread_blocked, id=11779, stack(0x000070000072c000,0x000070000082c000)]
  0x00007fd7e3010800 JavaThread "main" [_thread_in_Java, id=3335, stack(0x000070000011a000,0x000070000021a000)]

Other Threads:
=>0x00007fd7e4851000 VMThread [stack: 0x0000700000629000,0x0000700000729000] [id=11267]
  0x00007fd7e48a8000 WatcherThread [stack: 0x0000700000f47000,0x0000700001047000] [id=19203]

VM state:synchronizing (normal execution)

VM Mutex/Monitor currently owned by a thread:  ([mutex/lock_event])
[0x00007fd7e2c16890] Safepoint_lock - owner thread: 0x00007fd7e4851000
[0x00007fd7e2c16910] Threads_lock - owner thread: 0x00007fd7e4851000

Heap:
 PSYoungGen      total 38400K, used 29503K [0x0000000795580000, 0x0000000798000000, 0x00000007c0000000)
  eden space 33280K, 88% used [0x0000000795580000,0x000000079724fca0,0x0000000797600000)
  from space 5120K, 0% used [0x0000000797b00000,0x0000000797b00000,0x0000000798000000)
  to   space 5120K, 0% used [0x0000000797600000,0x0000000797600000,0x0000000797b00000)
 ParOldGen       total 87552K, used 0K [0x0000000740000000, 0x0000000745580000, 0x0000000795580000)
  object space 87552K, 0% used [0x0000000740000000,0x0000000740000000,0x0000000745580000)
 Metaspace       used 2656K, capacity 4490K, committed 4864K, reserved 1056768K
  class space    used 290K, capacity 386K, committed 512K, reserved 1048576K

Card table byte_map: [0x000000011bb49000,0x000000011bf4a000] byte_map_base: 0x0000000118149000

Marking Bits: (ParMarkBitMap*) 0x000000010c0dee20
 Begin Bits: [0x000000011c1f5000, 0x000000011e1f5000)
 End Bits:   [0x000000011e1f5000, 0x00000001201f5000)

Polling page: 0x000000010aedb000

CodeCache: size=245760Kb used=1209Kb max_used=1221Kb free=244550Kb
 bounds [0x000000010c789000, 0x000000010c9f9000, 0x000000011b789000]
 total_blobs=282 nmethods=51 adapters=145
 compilation: enabled

Compilation events (10 events):
Event: 0.108 Thread 0x00007fd7e3052800 nmethod 47 0x000000010c8af4d0 code [0x000000010c8af620, 0x000000010c8af6a8]
Event: 0.109 Thread 0x00007fd7e3054000 nmethod 46% 0x000000010c8b23d0 code [0x000000010c8b2940, 0x000000010c8b6b58]
Event: 0.122 Thread 0x00007fd7e3026000   48       4       java.io.DataInputStream::readInt (72 bytes)
Event: 0.124 Thread 0x00007fd7e3026000 nmethod 48 0x000000010c8a3ad0 code [0x000000010c8a3c80, 0x000000010c8a3ed0]
Event: 0.264 Thread 0x00007fd7e3052800   49 % !   4       SortDecoderAll::main @ 73 (299 bytes)
Event: 0.269 Thread 0x00007fd7e3052800 nmethod 49% 0x000000010c8bafd0 code [0x000000010c8bb1e0, 0x000000010c8bb820]
Event: 0.293 Thread 0x00007fd7e3026000   50       4       java.io.DataInputStream::readByte (23 bytes)
Event: 0.293 Thread 0x00007fd7e3026000 nmethod 50 0x000000010c8a3790 code [0x000000010c8a38e0, 0x000000010c8a39a8]
Event: 2.208 Thread 0x00007fd7e3052800   51 %     4       SortDecoderAll::insertionsort @ 16 (67 bytes)
Event: 2.213 Thread 0x00007fd7e3052800 nmethod 51% 0x000000010c8b0310 code [0x000000010c8b0460, 0x000000010c8b07b8]

GC Heap History (0 events):
No events

Deoptimization events (2 events):
Event: 0.103 Thread 0x00007fd7e3010800 Uncommon trap: reason=unstable_if action=reinterpret pc=0x000000010c8a3484 method=SortDecoderAll.main([Ljava/lang/String;)V @ 15
Event: 2.206 Thread 0x00007fd7e3010800 Uncommon trap: reason=unstable_if action=reinterpret pc=0x000000010c8bb5b0 method=java.io.DataInputStream.readInt()I @ 41

Internal exceptions (10 events):
Event: 0.073 Thread 0x00007fd7e3010800 Exception <a 'java/security/PrivilegedActionException'> (0x0000000795623658) thrown at [/Users/java_re/workspace/8-2-build-macosx-x86_64/jdk8u60/4407/hotspot/src/share/vm/prims/jvm.cpp, line 1386]
Event: 0.074 Thread 0x00007fd7e3010800 Exception <a 'java/util/zip/ZipException'> (0x00000007956243d8) thrown at [/Users/java_re/workspace/8-2-build-macosx-x86_64/jdk8u60/4407/hotspot/src/share/vm/prims/jni.cpp, line 709]
Event: 0.074 Thread 0x00007fd7e3010800 Exception <a 'java/security/PrivilegedActionException'> (0x00000007956245e0) thrown at [/Users/java_re/workspace/8-2-build-macosx-x86_64/jdk8u60/4407/hotspot/src/share/vm/prims/jvm.cpp, line 1386]
Event: 0.074 Thread 0x00007fd7e3010800 Exception <a 'java/security/PrivilegedActionException'> (0x00000007956247f0) thrown at [/Users/java_re/workspace/8-2-build-macosx-x86_64/jdk8u60/4407/hotspot/src/share/vm/prims/jvm.cpp, line 1386]
Event: 0.075 Thread 0x00007fd7e3010800 Exception <a 'java/util/zip/ZipException'> (0x0000000795625570) thrown at [/Users/java_re/workspace/8-2-build-macosx-x86_64/jdk8u60/4407/hotspot/src/share/vm/prims/jni.cpp, line 709]
Event: 0.075 Thread 0x00007fd7e3010800 Exception <a 'java/security/PrivilegedActionException'> (0x0000000795625778) thrown at [/Users/java_re/workspace/8-2-build-macosx-x86_64/jdk8u60/4407/hotspot/src/share/vm/prims/jvm.cpp, line 1386]
Event: 0.075 Thread 0x00007fd7e3010800 Exception <a 'java/security/PrivilegedActionException'> (0x0000000795625988) thrown at [/Users/java_re/workspace/8-2-build-macosx-x86_64/jdk8u60/4407/hotspot/src/share/vm/prims/jvm.cpp, line 1386]
Event: 0.077 Thread 0x00007fd7e3010800 Exception <a 'java/util/zip/ZipException'> (0x0000000795783f80) thrown at [/Users/java_re/workspace/8-2-build-macosx-x86_64/jdk8u60/4407/hotspot/src/share/vm/prims/jni.cpp, line 709]
Event: 0.077 Thread 0x00007fd7e3010800 Exception <a 'java/security/PrivilegedActionException'> (0x0000000795784188) thrown at [/Users/java_re/workspace/8-2-build-macosx-x86_64/jdk8u60/4407/hotspot/src/share/vm/prims/jvm.cpp, line 1386]
Event: 0.077 Thread 0x00007fd7e3010800 Exception <a 'java/security/PrivilegedActionException'> (0x0000000795784398) thrown at [/Users/java_re/workspace/8-2-build-macosx-x86_64/jdk8u60/4407/hotspot/src/share/vm/prims/jvm.cpp, line 1386]

Events (10 events):
Event: 0.103 loading class java/io/DataInputStream
Event: 0.103 loading class java/io/DataInput
Event: 0.103 loading class java/io/DataInput done
Event: 0.103 loading class java/io/DataInputStream done
Event: 0.291 Thread 0x00007fd7e3010800 DEOPT PACKING pc=0x000000010c8b52f9 sp=0x0000700000219780
Event: 0.291 Thread 0x00007fd7e3010800 DEOPT UNPACKING pc=0x000000010c7d0633 sp=0x0000700000219620 mode 0
Event: 2.206 Thread 0x00007fd7e3010800 Uncommon trap: trap_request=0xffffff65 fr.pc=0x000000010c8bb5b0
Event: 2.206 Thread 0x00007fd7e3010800 DEOPT PACKING pc=0x000000010c8bb5b0 sp=0x00007000002198e0
Event: 2.206 Thread 0x00007fd7e3010800 DEOPT UNPACKING pc=0x000000010c78e229 sp=0x0000700000219828 mode 2
Event: 4.094 Executing VM operation: EnableBiasedLocking


Dynamic libraries:
0x0000000008412000 	/System/Library/Frameworks/Cocoa.framework/Versions/A/Cocoa
0x0000000008412000 	/System/Library/Frameworks/Security.framework/Versions/A/Security
0x0000000008412000 	/System/Library/Frameworks/ApplicationServices.framework/Versions/A/ApplicationServices
0x0000000008412000 	/usr/lib/libz.1.dylib
0x0000000008412000 	/usr/lib/libSystem.B.dylib
0x0000000008412000 	/usr/lib/libobjc.A.dylib
0x0000000008412000 	/System/Library/Frameworks/CoreFoundation.framework/Versions/A/CoreFoundation
0x0000000008412000 	/System/Library/Frameworks/Foundation.framework/Versions/C/Foundation
0x0000000008412000 	/System/Library/Frameworks/AppKit.framework/Versions/C/AppKit
0x0000000008412000 	/System/Library/Frameworks/CoreData.framework/Versions/A/CoreData
0x0000000008412000 	/System/Library/PrivateFrameworks/RemoteViewServices.framework/Versions/A/RemoteViewServices
0x0000000008412000 	/System/Library/PrivateFrameworks/UIFoundation.framework/Versions/A/UIFoundation
0x0000000008412000 	/usr/lib/libScreenReader.dylib
0x0000000008412000 	/System/Library/Frameworks/Accelerate.framework/Versions/A/Accelerate
0x0000000008412000 	/System/Library/Frameworks/IOSurface.framework/Versions/A/IOSurface
0x0000000008412000 	/System/Library/Frameworks/AudioToolbox.framework/Versions/A/AudioToolbox
0x0000000008412000 	/System/Library/Frameworks/AudioUnit.framework/Versions/A/AudioUnit
0x0000000008412000 	/System/Library/PrivateFrameworks/DataDetectorsCore.framework/Versions/A/DataDetectorsCore
0x0000000008412000 	/System/Library/PrivateFrameworks/DesktopServicesPriv.framework/Versions/A/DesktopServicesPriv
0x0000000008412000 	/System/Library/Frameworks/Carbon.framework/Versions/A/Frameworks/HIToolbox.framework/Versions/A/HIToolbox
0x0000000008412000 	/System/Library/Frameworks/QuartzCore.framework/Versions/A/QuartzCore
0x0000000008412000 	/System/Library/Frameworks/Carbon.framework/Versions/A/Frameworks/SpeechRecognition.framework/Versions/A/SpeechRecognition
0x0000000008412000 	/usr/lib/libauto.dylib
0x0000000008412000 	/usr/lib/libicucore.A.dylib
0x0000000008412000 	/usr/lib/libxml2.2.dylib
0x0000000008412000 	/System/Library/PrivateFrameworks/CoreUI.framework/Versions/A/CoreUI
0x0000000008412000 	/System/Library/Frameworks/CoreAudio.framework/Versions/A/CoreAudio
0x0000000008412000 	/System/Library/Frameworks/DiskArbitration.framework/Versions/A/DiskArbitration
0x0000000008412000 	/usr/lib/liblangid.dylib
0x0000000008412000 	/System/Library/PrivateFrameworks/MultitouchSupport.framework/Versions/A/MultitouchSupport
0x0000000008412000 	/System/Library/Frameworks/IOKit.framework/Versions/A/IOKit
0x0000000008412000 	/usr/lib/libDiagnosticMessagesClient.dylib
0x0000000008412000 	/System/Library/Frameworks/CoreServices.framework/Versions/A/CoreServices
0x0000000008412000 	/System/Library/PrivateFrameworks/PerformanceAnalysis.framework/Versions/A/PerformanceAnalysis
0x0000000008412000 	/System/Library/PrivateFrameworks/GenerationalStorage.framework/Versions/A/GenerationalStorage
0x0000000008412000 	/System/Library/Frameworks/OpenGL.framework/Versions/A/OpenGL
0x0000000008412000 	/System/Library/PrivateFrameworks/Sharing.framework/Versions/A/Sharing
0x0000000008412000 	/System/Library/Frameworks/CoreGraphics.framework/Versions/A/CoreGraphics
0x0000000008412000 	/System/Library/Frameworks/CoreImage.framework/Versions/A/CoreImage
0x0000000008412000 	/System/Library/Frameworks/CoreText.framework/Versions/A/CoreText
0x0000000008412000 	/System/Library/Frameworks/ImageIO.framework/Versions/A/ImageIO
0x0000000008412000 	/System/Library/PrivateFrameworks/Backup.framework/Versions/A/Backup
0x0000000008412000 	/usr/lib/libextension.dylib
0x0000000008412000 	/usr/lib/libarchive.2.dylib
0x0000000008412000 	/System/Library/Frameworks/CFNetwork.framework/Versions/A/CFNetwork
0x0000000008412000 	/System/Library/Frameworks/SystemConfiguration.framework/Versions/A/SystemConfiguration
0x0000000008412000 	/usr/lib/libCRFSuite.dylib
0x0000000008412000 	/usr/lib/libc++.1.dylib
0x0000000008412000 	/usr/lib/libc++abi.dylib
0x0000000008412000 	/usr/lib/system/libcache.dylib
0x0000000008412000 	/usr/lib/system/libcommonCrypto.dylib
0x0000000008412000 	/usr/lib/system/libcompiler_rt.dylib
0x0000000008412000 	/usr/lib/system/libcopyfile.dylib
0x0000000008412000 	/usr/lib/system/libcorecrypto.dylib
0x0000000008412000 	/usr/lib/system/libdispatch.dylib
0x0000000008412000 	/usr/lib/system/libdyld.dylib
0x0000000008412000 	/usr/lib/system/libkeymgr.dylib
0x0000000008412000 	/usr/lib/system/liblaunch.dylib
0x0000000008412000 	/usr/lib/system/libmacho.dylib
0x0000000008412000 	/usr/lib/system/libquarantine.dylib
0x0000000008412000 	/usr/lib/system/libremovefile.dylib
0x0000000008412000 	/usr/lib/system/libsystem_asl.dylib
0x0000000008412000 	/usr/lib/system/libsystem_blocks.dylib
0x0000000008412000 	/usr/lib/system/libsystem_c.dylib
0x0000000008412000 	/usr/lib/system/libsystem_configuration.dylib
0x0000000008412000 	/usr/lib/system/libsystem_coreservices.dylib
0x0000000008412000 	/usr/lib/system/libsystem_coretls.dylib
0x0000000008412000 	/usr/lib/system/libsystem_dnssd.dylib
0x0000000008412000 	/usr/lib/system/libsystem_info.dylib
0x0000000008412000 	/usr/lib/system/libsystem_kernel.dylib
0x0000000008412000 	/usr/lib/system/libsystem_m.dylib
0x0000000008412000 	/usr/lib/system/libsystem_malloc.dylib
0x0000000008412000 	/usr/lib/system/libsystem_network.dylib
0x0000000008412000 	/usr/lib/system/libsystem_networkextension.dylib
0x0000000008412000 	/usr/lib/system/libsystem_notify.dylib
0x0000000008412000 	/usr/lib/system/libsystem_platform.dylib
0x0000000008412000 	/usr/lib/system/libsystem_pthread.dylib
0x0000000008412000 	/usr/lib/system/libsystem_sandbox.dylib
0x0000000008412000 	/usr/lib/system/libsystem_secinit.dylib
0x0000000008412000 	/usr/lib/system/libsystem_trace.dylib
0x0000000008412000 	/usr/lib/system/libunc.dylib
0x0000000008412000 	/usr/lib/system/libunwind.dylib
0x0000000008412000 	/usr/lib/system/libxpc.dylib
0x0000000008412000 	/usr/lib/libenergytrace.dylib
0x0000000008412000 	/usr/lib/libbsm.0.dylib
0x0000000008412000 	/usr/lib/system/libkxld.dylib
0x0000000008412000 	/usr/lib/libxar.1.dylib
0x0000000008412000 	/usr/lib/libsqlite3.dylib
0x0000000008412000 	/usr/lib/libpam.2.dylib
0x0000000008412000 	/usr/lib/libOpenScriptingUtil.dylib
0x0000000008412000 	/usr/lib/libbz2.1.0.dylib
0x0000000008412000 	/usr/lib/liblzma.5.dylib
0x0000000008412000 	/System/Library/Frameworks/CoreServices.framework/Versions/A/Frameworks/FSEvents.framework/Versions/A/FSEvents
0x0000000008412000 	/System/Library/Frameworks/CoreServices.framework/Versions/A/Frameworks/CarbonCore.framework/Versions/A/CarbonCore
0x0000000008412000 	/System/Library/Frameworks/CoreServices.framework/Versions/A/Frameworks/Metadata.framework/Versions/A/Metadata
0x0000000008412000 	/System/Library/Frameworks/CoreServices.framework/Versions/A/Frameworks/OSServices.framework/Versions/A/OSServices
0x0000000008412000 	/System/Library/Frameworks/CoreServices.framework/Versions/A/Frameworks/SearchKit.framework/Versions/A/SearchKit
0x0000000008412000 	/System/Library/Frameworks/CoreServices.framework/Versions/A/Frameworks/AE.framework/Versions/A/AE
0x0000000008412000 	/System/Library/Frameworks/CoreServices.framework/Versions/A/Frameworks/LaunchServices.framework/Versions/A/LaunchServices
0x0000000008412000 	/System/Library/Frameworks/CoreServices.framework/Versions/A/Frameworks/DictionaryServices.framework/Versions/A/DictionaryServices
0x0000000008412000 	/System/Library/Frameworks/CoreServices.framework/Versions/A/Frameworks/SharedFileList.framework/Versions/A/SharedFileList
0x0000000008412000 	/System/Library/Frameworks/NetFS.framework/Versions/A/NetFS
0x0000000008412000 	/System/Library/PrivateFrameworks/NetAuth.framework/Versions/A/NetAuth
0x0000000008412000 	/System/Library/PrivateFrameworks/login.framework/Versions/A/Frameworks/loginsupport.framework/Versions/A/loginsupport
0x0000000008412000 	/System/Library/PrivateFrameworks/TCC.framework/Versions/A/TCC
0x0000000008412000 	/usr/lib/libmecabra.dylib
0x0000000008412000 	/System/Library/Frameworks/ApplicationServices.framework/Versions/A/Frameworks/ATS.framework/Versions/A/ATS
0x0000000008412000 	/System/Library/Frameworks/ApplicationServices.framework/Versions/A/Frameworks/ColorSync.framework/Versions/A/ColorSync
0x0000000008412000 	/System/Library/Frameworks/ApplicationServices.framework/Versions/A/Frameworks/HIServices.framework/Versions/A/HIServices
0x0000000008412000 	/System/Library/Frameworks/ApplicationServices.framework/Versions/A/Frameworks/LangAnalysis.framework/Versions/A/LangAnalysis
0x0000000008412000 	/System/Library/Frameworks/ApplicationServices.framework/Versions/A/Frameworks/PrintCore.framework/Versions/A/PrintCore
0x0000000008412000 	/System/Library/Frameworks/ApplicationServices.framework/Versions/A/Frameworks/QD.framework/Versions/A/QD
0x0000000008412000 	/System/Library/Frameworks/ApplicationServices.framework/Versions/A/Frameworks/SpeechSynthesis.framework/Versions/A/SpeechSynthesis
0x0000000008412000 	/System/Library/Frameworks/Metal.framework/Versions/A/Metal
0x0000000008412000 	/System/Library/Frameworks/Accelerate.framework/Versions/A/Frameworks/vImage.framework/Versions/A/vImage
0x0000000008412000 	/System/Library/Frameworks/Accelerate.framework/Versions/A/Frameworks/vecLib.framework/Versions/A/vecLib
0x0000000008412000 	/System/Library/Frameworks/Accelerate.framework/Versions/A/Frameworks/vecLib.framework/Versions/A/libvDSP.dylib
0x0000000008412000 	/System/Library/Frameworks/Accelerate.framework/Versions/A/Frameworks/vecLib.framework/Versions/A/libvMisc.dylib
0x0000000008412000 	/System/Library/Frameworks/Accelerate.framework/Versions/A/Frameworks/vecLib.framework/Versions/A/libLAPACK.dylib
0x0000000008412000 	/System/Library/Frameworks/Accelerate.framework/Versions/A/Frameworks/vecLib.framework/Versions/A/libBLAS.dylib
0x0000000008412000 	/System/Library/Frameworks/Accelerate.framework/Versions/A/Frameworks/vecLib.framework/Versions/A/libLinearAlgebra.dylib
0x0000000008412000 	/System/Library/Frameworks/Accelerate.framework/Versions/A/Frameworks/vecLib.framework/Versions/A/libSparseBLAS.dylib
0x0000000008412000 	/System/Library/PrivateFrameworks/GPUCompiler.framework/libmetal_timestamp.dylib
0x0000000008412000 	/System/Library/Frameworks/OpenGL.framework/Versions/A/Libraries/libCoreFSCache.dylib
0x0000000008412000 	/System/Library/PrivateFrameworks/IOAccelerator.framework/Versions/A/IOAccelerator
0x0000000008412000 	/System/Library/Frameworks/ApplicationServices.framework/Versions/A/Frameworks/ATS.framework/Versions/A/Resources/libFontParser.dylib
0x0000000008412000 	/System/Library/Frameworks/ApplicationServices.framework/Versions/A/Frameworks/ATS.framework/Versions/A/Resources/libFontRegistry.dylib
0x0000000008412000 	/System/Library/PrivateFrameworks/AppleVPA.framework/Versions/A/AppleVPA
0x0000000008412000 	/System/Library/PrivateFrameworks/AppleJPEG.framework/Versions/A/AppleJPEG
0x0000000008412000 	/System/Library/Frameworks/ImageIO.framework/Versions/A/Resources/libJPEG.dylib
0x0000000008412000 	/System/Library/Frameworks/ImageIO.framework/Versions/A/Resources/libTIFF.dylib
0x0000000008412000 	/System/Library/Frameworks/ImageIO.framework/Versions/A/Resources/libPng.dylib
0x0000000008412000 	/System/Library/Frameworks/ImageIO.framework/Versions/A/Resources/libGIF.dylib
0x0000000008412000 	/System/Library/Frameworks/ImageIO.framework/Versions/A/Resources/libJP2.dylib
0x0000000008412000 	/System/Library/Frameworks/ImageIO.framework/Versions/A/Resources/libRadiance.dylib
0x0000000008412000 	/System/Library/Frameworks/CoreVideo.framework/Versions/A/CoreVideo
0x0000000008412000 	/System/Library/Frameworks/OpenGL.framework/Versions/A/Libraries/libGLU.dylib
0x0000000008412000 	/System/Library/Frameworks/OpenGL.framework/Versions/A/Libraries/libGFXShared.dylib
0x0000000008412000 	/System/Library/Frameworks/OpenGL.framework/Versions/A/Libraries/libGL.dylib
0x0000000008412000 	/System/Library/Frameworks/OpenGL.framework/Versions/A/Libraries/libGLImage.dylib
0x0000000008412000 	/System/Library/Frameworks/OpenGL.framework/Versions/A/Libraries/libCVMSPluginSupport.dylib
0x0000000008412000 	/System/Library/Frameworks/OpenGL.framework/Versions/A/Libraries/libCoreVMClient.dylib
0x0000000008412000 	/usr/lib/libcompression.dylib
0x0000000008412000 	/usr/lib/libcups.2.dylib
0x0000000008412000 	/System/Library/Frameworks/Kerberos.framework/Versions/A/Kerberos
0x0000000008412000 	/System/Library/Frameworks/GSS.framework/Versions/A/GSS
0x0000000008412000 	/usr/lib/libresolv.9.dylib
0x0000000008412000 	/usr/lib/libiconv.2.dylib
0x0000000008412000 	/System/Library/PrivateFrameworks/Heimdal.framework/Versions/A/Heimdal
0x0000000008412000 	/usr/lib/libheimdal-asn1.dylib
0x0000000008412000 	/System/Library/Frameworks/OpenDirectory.framework/Versions/A/OpenDirectory
0x0000000008412000 	/System/Library/PrivateFrameworks/CommonAuth.framework/Versions/A/CommonAuth
0x0000000008412000 	/System/Library/Frameworks/OpenDirectory.framework/Versions/A/Frameworks/CFOpenDirectory.framework/Versions/A/CFOpenDirectory
0x0000000008412000 	/System/Library/Frameworks/SecurityFoundation.framework/Versions/A/SecurityFoundation
0x0000000008412000 	/System/Library/PrivateFrameworks/LanguageModeling.framework/Versions/A/LanguageModeling
0x0000000008412000 	/usr/lib/libmarisa.dylib
0x0000000008412000 	/usr/lib/libChineseTokenizer.dylib
0x0000000008412000 	/usr/lib/libcmph.dylib
0x0000000008412000 	/System/Library/Frameworks/ServiceManagement.framework/Versions/A/ServiceManagement
0x0000000008412000 	/usr/lib/libxslt.1.dylib
0x0000000008412000 	/System/Library/Frameworks/Carbon.framework/Versions/A/Frameworks/Ink.framework/Versions/A/Ink
0x0000000008412000 	/usr/lib/libFosl_dynamic.dylib
0x0000000008412000 	/System/Library/PrivateFrameworks/FaceCore.framework/Versions/A/FaceCore
0x0000000008412000 	/System/Library/Frameworks/OpenCL.framework/Versions/A/OpenCL
0x0000000008412000 	/System/Library/PrivateFrameworks/CrashReporterSupport.framework/Versions/A/CrashReporterSupport
0x0000000008412000 	/System/Library/PrivateFrameworks/IconServices.framework/Versions/A/IconServices
0x0000000008412000 	/System/Library/PrivateFrameworks/Apple80211.framework/Versions/A/Apple80211
0x0000000008412000 	/System/Library/Frameworks/CoreWLAN.framework/Versions/A/CoreWLAN
0x0000000008412000 	/System/Library/Frameworks/IOBluetooth.framework/Versions/A/IOBluetooth
0x0000000008412000 	/System/Library/PrivateFrameworks/CoreWiFi.framework/Versions/A/CoreWiFi
0x0000000008412000 	/System/Library/Frameworks/CoreBluetooth.framework/Versions/A/CoreBluetooth
0x0000000008412000 	/System/Library/PrivateFrameworks/ChunkingLibrary.framework/Versions/A/ChunkingLibrary
0x0000000008412000 	/System/Library/PrivateFrameworks/DebugSymbols.framework/Versions/A/DebugSymbols
0x0000000008412000 	/System/Library/PrivateFrameworks/CoreSymbolication.framework/Versions/A/CoreSymbolication
0x0000000008412000 	/System/Library/PrivateFrameworks/Symbolication.framework/Versions/A/Symbolication
0x0000000008412000 	/System/Library/PrivateFrameworks/SpeechRecognitionCore.framework/Versions/A/SpeechRecognitionCore
0x000000010b800000 	/Library/Java/JavaVirtualMachines/jdk1.8.0_60.jdk/Contents/Home/jre/lib/server/libjvm.dylib
0x0000000008412000 	/usr/lib/libstdc++.6.dylib
0x000000010ae98000 	/Library/Java/JavaVirtualMachines/jdk1.8.0_60.jdk/Contents/Home/jre/lib/libverify.dylib
0x000000010aea6000 	/Library/Java/JavaVirtualMachines/jdk1.8.0_60.jdk/Contents/Home/jre/lib/libjava.dylib
0x000000010aee5000 	/Library/Java/JavaVirtualMachines/jdk1.8.0_60.jdk/Contents/Home/jre/lib/libzip.dylib
0x0000000121fef000 	/System/Library/Frameworks/JavaVM.framework/Frameworks/JavaRuntimeSupport.framework/JavaRuntimeSupport
0x000000010afeb000 	/System/Library/Frameworks/JavaVM.framework/Versions/A/Frameworks/JavaNativeFoundation.framework/Versions/A/JavaNativeFoundation
0x000000012200a000 	/System/Library/Frameworks/JavaVM.framework/Versions/A/JavaVM
0x0000000008412000 	/System/Library/Frameworks/Carbon.framework/Versions/A/Carbon
0x0000000122017000 	/System/Library/PrivateFrameworks/JavaLaunching.framework/Versions/A/JavaLaunching
0x0000000008412000 	/System/Library/Frameworks/Carbon.framework/Versions/A/Frameworks/CommonPanels.framework/Versions/A/CommonPanels
0x0000000008412000 	/System/Library/Frameworks/Carbon.framework/Versions/A/Frameworks/Help.framework/Versions/A/Help
0x0000000008412000 	/System/Library/Frameworks/Carbon.framework/Versions/A/Frameworks/ImageCapture.framework/Versions/A/ImageCapture
0x0000000008412000 	/System/Library/Frameworks/Carbon.framework/Versions/A/Frameworks/OpenScripting.framework/Versions/A/OpenScripting
0x0000000008412000 	/System/Library/Frameworks/Carbon.framework/Versions/A/Frameworks/Print.framework/Versions/A/Print
0x0000000008412000 	/System/Library/Frameworks/Carbon.framework/Versions/A/Frameworks/SecurityHI.framework/Versions/A/SecurityHI

VM Arguments:
java_command: SortDecoderAll P.jpg Pkey.dat
java_class_path (initial): .
Launcher Type: SUN_STANDARD

Environment Variables:
PATH=/Library/Frameworks/Python.framework/Versions/3.6/bin:/Library/Frameworks/Python.framework/Versions/3.6/bin:/usr/bin:/bin:/usr/sbin:/sbin:/usr/local/bin:/usr/local/git/bin
SHELL=/bin/bash

Signal Handlers:
SIGSEGV: [libjvm.dylib+0x5a6d31], sa_mask[0]=11111111011111110111111111111111, sa_flags=SA_ONSTACK|SA_RESTART|SA_SIGINFO
SIGBUS: [libjvm.dylib+0x5a6d31], sa_mask[0]=11111111011111110111111111111111, sa_flags=SA_RESTART|SA_SIGINFO
SIGFPE: [libjvm.dylib+0x480a4c], sa_mask[0]=11111111011111110111111111111111, sa_flags=SA_RESTART|SA_SIGINFO
SIGPIPE: [libjvm.dylib+0x480a4c], sa_mask[0]=11111111011111110111111111111111, sa_flags=SA_RESTART|SA_SIGINFO
SIGXFSZ: [libjvm.dylib+0x480a4c], sa_mask[0]=11111111011111110111111111111111, sa_flags=SA_RESTART|SA_SIGINFO
SIGILL: [libjvm.dylib+0x480a4c], sa_mask[0]=11111111011111110111111111111111, sa_flags=SA_RESTART|SA_SIGINFO
SIGUSR1: SIG_DFL, sa_mask[0]=11011111011111100000000111000110, sa_flags=none
SIGUSR2: [libjvm.dylib+0x48056a], sa_mask[0]=00000000000000000000000000000000, sa_flags=SA_RESTART|SA_SIGINFO
SIGHUP: [libjvm.dylib+0x47eb41], sa_mask[0]=11111111011111110111111111111111, sa_flags=SA_RESTART|SA_SIGINFO
SIGINT: [libjvm.dylib+0x47eb41], sa_mask[0]=11111111011111110111111111111111, sa_flags=SA_RESTART|SA_SIGINFO
SIGTERM: [libjvm.dylib+0x47eb41], sa_mask[0]=11111111011111110111111111111111, sa_flags=SA_RESTART|SA_SIGINFO
SIGQUIT: [libjvm.dylib+0x47eb41], sa_mask[0]=11111111011111110111111111111111, sa_flags=SA_RESTART|SA_SIGINFO


---------------  S Y S T E M  ---------------

OS:Bsduname:Darwin 15.6.0 Darwin Kernel Version 15.6.0: Thu Jun 23 18:25:34 PDT 2016; root:xnu-3248.60.10~1/RELEASE_X86_64 x86_64
rlimit: STACK 8192k, CORE 0k, NPROC 709, NOFILE 10240, AS infinity
load average:6.44 5.91 4.47

CPU:total 4 (2 cores per cpu, 2 threads per core) family 6 model 69 stepping 1, cmov, cx8, fxsr, mmx, sse, sse2, sse3, ssse3, sse4.1, sse4.2, popcnt, avx, avx2, aes, clmul, erms, lzcnt, ht, tsc, tscinvbit, bmi1, bmi2

Memory: 4k page, physical 8388608k(1077696k free)

/proc/meminfo:


vm_info: Java HotSpot(TM) 64-Bit Server VM (25.60-b23) for bsd-amd64 JRE (1.8.0_60-b27), built on Aug  4 2015 10:47:24 by "java_re" with gcc 4.2.1 (Based on Apple Inc. build 5658) (LLVM build 2336.11.00)

time: Mon Mar 27 13:24:18 2017
elapsed time: 768 seconds (0d 0h 12m 48s)

